-11.3993	-0.000313926
-9.61438	-0.000862619
-8.27594	-0.00113642
-7.16027	-0.00141077
-6.26783	-0.00168512
-5.37583	-0.00250761
-4.48339	-0.00360446
-3.59094	-0.00442695
-2.92172	-0.0055238
-2.2525	-0.00689445
-1.36006	-0.00826564
-0.467617	-0.00991063
0.201605	-0.0115556
0.870826	-0.0129268
1.54005	-0.0145718
2.20927	-0.0164911
2.65571	-0.0186848
3.10171	-0.0203298
3.54815	-0.0225235
3.99415	-0.0247167
4.4406	-0.0271847
4.66337	-0.029104
4.8866	-0.030749
5.3326	-0.032394
5.55582	-0.034039
5.77904	-0.0362327
6.22504	-0.0378777
6.44826	-0.0400714
6.89426	-0.0417164
7.3407	-0.0433614
7.56348	-0.0458294
8.23314	-0.0485712
8.45592	-0.0504906
8.90237	-0.0524099
9.12514	-0.0548774
10.0176	-0.0570711
10.464	-0.0592648
10.91	-0.0614579
11.356	-0.0636516
12.0257	-0.065571
12.2485	-0.0677641
12.9177	-0.0696835
13.3641	-0.0716028
13.8101	-0.072974
14.4794	-0.0743446
14.9258	-0.0751677
16.041	-0.0754415
16.9335	-0.0743446
17.3799	-0.0726996
17.8259	-0.0716028
18.0491	-0.0702321
18.2719	-0.0691353
18.4951	-0.0680385
18.7183	-0.0666678
18.9416	-0.0652966
19.1643	-0.0625548
19.3876	-0.0592648
19.6108	-0.0556999
19.8336	-0.0504906
20.0568	-0.0428132
20.28	-0.0408939
20.5032	-0.038152
20.9492	-0.0277328
21.1725	-0.0145718
21.3952	-0.0107331
21.8417	0.00105672
22.0645	0.00846028
22.2877	0.0142178
22.5109	0.0169596
22.9569	0.0243632
23.1801	0.0282018
23.6261	0.0336855
23.8493	0.0347824
24.5186	0.0331368
24.7418	0.03204
24.965	0.0301206
25.1878	0.0282018
25.411	0.0254595
25.6342	0.0232663
25.8574	0.0194276
26.0802	0.0166858
26.3034	0.0125728
26.5267	0.0109278
26.7494	0.00818593
26.9727	0.00407291
27.1959	-0.00963628
27.4187	-0.0126525
27.8651	-0.0181361
28.0883	-0.0206042
28.5343	-0.0217005
29.2036	-0.0211523
29.65	-0.0200555
30.096	-0.0178623
30.3192	-0.0167655
30.542	-0.01512
30.7652	-0.0115556
30.9884	-0.0066201
31.2117	-0.00333011
31.6577	-0.0000395796
31.8809	0.00270226
32.1037	0.0048954
32.3269	0.00654094
32.7733	0.00791159
33.4425	0.00900843
33.8885	0.0101053
34.781	0.0101053
35.6734	0.00818593
35.8962	0.00654094
36.1194	0.00434725
36.5659	0.00325041
36.7886	0.00133107
37.2351	-0.0000395796
37.9043	-0.00113642
38.3503	-0.00333011
38.7968	-0.0047013
39.466	-0.00607195
40.3584	-0.0055238
40.8044	-0.0047013
41.2504	-0.00387826
41.4736	-0.00250761
41.9201	-0.00141077
42.3661	-0.0000395796
42.5893	0.00270226
42.8121	0.00407291
43.2585	0.00516975
43.7045	0.00654094
44.3737	0.00736344
45.043	0.00681474
45.7126	0.0057179
46.1586	0.0048954
46.3819	0.00379856
46.6046	0.00242791
46.8279	0.00133107
47.4971	0.000234225
47.7203	-0.000862619
48.6127	-0.00744314
49.9512	-0.00771694
50.6204	-0.00524945
50.8436	-0.00387826
51.0668	-0.00250761
51.5128	-0.00168512
51.9588	0.00763724
52.6285	0.00900843
53.0745	0.00983093
53.9669	0.00928278
54.4129	0.00791159
54.6362	0.00379856
54.8594	0.00242791
55.0822	0.00105672
55.7514	-0.000313926
56.4211	-0.00936248
57.7595	-0.00908813
57.9827	-0.00771694
58.4287	-0.00634629
58.8747	-0.00387826
59.0979	-0.00195892
59.3212	-0.000313926
59.7672	0.000782918
60.4364	0.0048954
60.6596	0.00599225
61.3288	0.00407291
61.7753	0.00187976
61.998	0.000234225
62.2213	-0.00195892
62.4445	-0.0049751
63.1137	-0.00634629
64.2289	-0.00716879
64.8986	-0.00524945
65.3446	-0.00278196
66.0138	-0.0000395796
66.237	0.00133107
66.4598	0.0048954
66.9063	0.00599225
67.5755	0.0054441
68.0215	0.00379856
68.4679	0.00270226
68.6911	0.00133107
68.9139	-0.000313926
69.3604	-0.00141077
69.5831	-0.00278196
70.4756	-0.00415261
71.368	-0.00333011
72.4837	-0.00223327
72.7065	-0.00113642
73.3757	0.000234225
73.8221	0.00133107
74.7146	0.00187976
75.3838	0.000782918
76.053	-0.000313926
76.9455	-0.000862619
77.6147	-0.00141077
78.5071	-0.000862619
79.3996	-0.000313926
80.5148	0.000782918
81.184	-0.0000395796
82.0765	-0.000313926
82.9689	-0.000313926
83.8613	-0.000313926
85.1998	-0.0000395796
86.5382	-0.0000395796
87.4307	-0.0000395796
87.8771	0.000782918
88.5463	0.000234225
89.4383	-0.0000395796
90.554	-0.000313926
91.	-0.00113642
91.6697	-0.00168512
92.3389	-0.00113642
92.7849	-0.000313926
93.2313	0.000782918
93.9005	0.00133107
94.7925	0.00160541
95.685	-0.0000395796
96.3542	-0.00113642
97.0239	-0.00223327
98.1391	-0.00223327
98.8083	-0.00168512
99.2548	-0.000313926
99.924	0.000508571
100.147	0.00160541
101.039	0.000508571
101.262	-0.000862619
101.708	-0.00195892
102.155	-0.00278196
103.047	-0.00305576
103.717	-0.00223327
104.163	0.000234225
104.609	0.00105672
105.724	0.00105672
106.393	0.000508571
107.063	-0.000862619
107.509	-0.00223327
107.955	-0.00141077
109.071	-0.00113642
109.74	0.000234225
110.409	0.00105672
111.525	0.00160541
112.64	-0.000313926
113.309	-0.00113642
114.202	-0.00168512
115.094	-0.000862619
115.763	0.000234225
116.656	0.000782918
117.771	0.000508571
118.441	-0.000313926
119.11	-0.000862619
120.002	-0.00141077
120.672	-0.000313926
121.341	0.000508571
122.01	0.00105672
123.125	0.000508571
124.018	-0.000313926
124.687	-0.000862619
125.579	-0.00141077
126.026	-0.000313926
126.695	0.000508571
127.364	0.00105672
128.479	0.000508571
129.372	-0.0000395796
129.818	-0.000862619
130.264	-0.0000395796
131.157	0.000508571
132.049	0.00105672
133.388	0.000782918
134.28	0.000234225
135.173	-0.0000395796
136.065	0.000508571
137.18	0.00105672
138.073	0.000234225
139.411	0.000234225
140.75	0.000234225
141.865	-0.0000395796
142.981	-0.0000395796
143.65	0.00105672
144.319	0.000234225
145.212	0.000234225
146.55	0.000234225
147.443	0.000234225
148.781	0.000234225
149.896	0.000234225
151.012	0.000508571
151.904	0.00133107
152.35	0.00215357
153.243	0.00160541
153.689	0.000508571
154.581	-0.000313926
155.251	-0.000862619
156.143	-0.000313926
157.035	0.000234225
157.705	0.00133107
158.82	0.000508571
159.936	-0.000588273
160.605	0.000234225
161.497	0.000782918
162.166	0.00160541
162.613	0.000234225
163.282	-0.000862619
163.951	-0.00168512
164.844	-0.00168512
165.959	-0.000588273
166.851	0.000508571
167.521	0.00133107
168.413	-0.0000395796
169.306	-0.00113642
169.975	-0.000588273
170.644	0.000234225
171.76	0.000234225
172.652	0.000234225
173.545	-0.000588273
174.66	-0.000313926
175.329	0.000508571
175.998	0.00105672
177.337	0.000234225
178.006	-0.000313926
178.675	0.000508571
179.345	0.00105672
180.46	0.000782918
181.576	-0.0000395796
182.468	-0.0000395796
183.583	0.000508571
184.699	0.000234225
185.815	-0.000588273
187.153	-0.000313926
187.822	0.000508571
188.937	-0.0000395796
190.053	-0.0000395796
191.169	0.000234225
191.838	0.000782918
192.73	0.00160541
194.515	0.00133107
195.184	0.000782918
196.077	0.000234225
197.861	-0.0000395796
199.2	-0.000588273
200.538	-0.000862619
201.431	-0.000862619
202.546	0.000234225
203.439	-0.000588273
204.777	-0.00113642
205.893	-0.000588273
206.785	0.00105672
207.901	0.000782918
209.016	0.000782918
210.354	0.000782918
211.916	0.000508571
213.255	-0.000588273
214.147	-0.000313926
215.263	0.000782918
215.932	0.00160541
216.601	0.00105672
217.493	-0.0000395796
218.832	0.000234225
219.724	0.00105672
220.617	0.00160541
221.286	0.000782918
221.955	-0.000862619
222.624	-0.0000395796
223.294	0.000782918
224.186	0.00160541
224.856	0.00242791
225.748	0.00133107
226.64	0.000234225
227.756	0.00160541
228.648	0.000782918
229.764	0.000234225
231.325	0.000508571
232.887	0.000508571
234.672	0.000508571
236.01	0.000508571